<?xml version="1.0" encoding="UTF-8"?>
<!-- Generated by org.testng.reporters.JUnitReportReporter -->
<testsuite hostname="DESKTOP-2OVA76D" failures="0" tests="1" name="autotests.LoginPositiveTest" time="0.466" errors="0" timestamp="2024-09-04T14:52:56 EET" skipped="0">
  <testcase classname="autotests.LoginPositiveTest" name="loginStandardUserTest" time="0.466"/>
</testsuite> <!-- autotests.LoginPositiveTest -->
