<?xml version="1.0" encoding="UTF-8"?>
<!-- Generated by org.testng.reporters.JUnitReportReporter -->
<testsuite hostname="DESKTOP-2OVA76D" failures="0" tests="2" name="autotests.LoginNegativeTest" time="5.634" errors="0" timestamp="2024-09-04T14:52:56 EET" skipped="0">
  <testcase classname="autotests.LoginNegativeTest" name="loginLockedOutUserTest" time="2.704"/>
  <testcase classname="autotests.LoginNegativeTest" name="errorTextAuthWithoutUsernameAndPasswordTest" time="2.930"/>
</testsuite> <!-- autotests.LoginNegativeTest -->
